<?xml version="1.0" encoding="utf-8"?><testsuites name="pytest tests"><testsuite name="pytest" errors="0" failures="0" skipped="0" tests="64" time="72.494" timestamp="2026-08-31T20:59:46.017209+08:00" hostname="LAPTOP-576ECN6E"><testcase classname="tests.test_control" name="test_config_masks_key_and_persists_only_to_dotenv" time="0.156" /><testcase classname="tests.test_control" name="test_console_rejects_url_shaped_platform_allowlist_entries" time="0.034" /><testcase classname="tests.test_control" name="test_upload_preflight_and_assessment_job_are_isolated" time="0.337" /><testcase classname="tests.test_control" name="test_job_allowlist_and_artifact_path_protection" time="0.034" /><testcase classname="tests.test_control" name="test_write_requests_require_same_origin_csrf_and_correct_media_type" time="0.048" /><testcase classname="tests.test_core" name="test_feature_ranges_and_missing_content" time="0.057" /><testcase classname="tests.test_core" name="test_new_account_is_not_automatic_restriction" time="0.076" /><testcase classname="tests.test_core" name="test_duplicate_detection" time="0.051" /><testcase classname="tests.test_core" name="test_score_range_tiers_and_coverage" time="0.073" /><testcase classname="tests.test_core" name="test_weights_must_sum_to_one" time="0.052" /><testcase classname="tests.test_core" name="test_csv_and_json_round_trip" time="0.033" /><testcase classname="tests.test_core" name="test_threshold_respects_false_positive_constraint" time="0.050" /><testcase classname="tests.test_core" name="test_group_split_is_complete_and_disjoint" time="0.017" /><testcase classname="tests.test_env" name="test_load_env_file_ignores_comments_and_preserves_existing_value" time="0.008" /><testcase classname="tests.test_env" name="test_load_env_file_can_override_and_handles_missing_file" time="0.007" /><testcase classname="tests.test_evidence" name="test_numbers_master_matches_generated_primary_results" time="66.093" /><testcase classname="tests.test_evidence" name="test_dashboard_headline_matches_generated_primary_results" time="0.006" /><testcase classname="tests.test_evidence" name="test_split_sensitivity_has_declared_coverage" time="0.006" /><testcase classname="tests.test_evidence" name="test_generated_manifest_output_digests" time="0.033" /><testcase classname="tests.test_evidence" name="test_manifest_cli_verifies_generated_run" time="0.822" /><testcase classname="tests.test_evidence" name="test_versioned_evidence_mirrors_generated_results" time="0.173" /><testcase classname="tests.test_evidence" name="test_versioned_runtime_manifest_declares_current_benchmark_contract" time="0.001" /><testcase classname="tests.test_llm_mining.TestCitationScore" name="test_exact_match" time="0.001" /><testcase classname="tests.test_llm_mining.TestCitationScore" name="test_normalized_match" time="0.001" /><testcase classname="tests.test_llm_mining.TestCitationScore" name="test_empty_snippet" time="0.001" /><testcase classname="tests.test_llm_mining.TestCitationScore" name="test_empty_content" time="0.001" /><testcase classname="tests.test_llm_mining.TestCitationScore" name="test_hallucinated" time="0.001" /><testcase classname="tests.test_llm_mining.TestCitationScore" name="test_partial_overlap" time="0.001" /><testcase classname="tests.test_llm_mining.TestNormalizeRating" name="test_0_to_5_passthrough" time="0.001" /><testcase classname="tests.test_llm_mining.TestNormalizeRating" name="test_0_to_10" time="0.001" /><testcase classname="tests.test_llm_mining.TestNormalizeRating" name="test_0_to_100" time="0.001" /><testcase classname="tests.test_llm_mining.TestNormalizeRating" name="test_none_input" time="0.001" /><testcase classname="tests.test_llm_mining.TestNormalizeRating" name="test_clamp_high" time="0.001" /><testcase classname="tests.test_llm_mining.TestNormalizeRating" name="test_clamp_low" time="0.001" /><testcase classname="tests.test_llm_mining.TestNormalizeRating" name="test_invalid_scale_passthrough" time="0.001" /><testcase classname="tests.test_llm_mining.TestExtractJsonBlock" name="test_markdown_fenced" time="0.001" /><testcase classname="tests.test_llm_mining.TestExtractJsonBlock" name="test_raw_array" time="0.001" /><testcase classname="tests.test_llm_mining.TestExtractJsonBlock" name="test_raw_object" time="0.001" /><testcase classname="tests.test_llm_mining.TestExtractJsonBlock" name="test_fenced_no_lang" time="0.001" /><testcase classname="tests.test_llm_mining.TestExtractJsonBlock" name="test_multiple_json_objects_returns_first_complete_object" time="0.001" /><testcase classname="tests.test_llm_mining.TestExtractJsonBlock" name="test_multiple_json_arrays_returns_first_complete_array" time="0.001" /><testcase classname="tests.test_llm_mining.TestExtractJsonBlock" name="test_braces_inside_json_string_do_not_break_extraction" time="0.001" /><testcase classname="tests.test_llm_mining.TestNaturalLanguageTaskParsing" name="test_multiple_json_objects_use_the_first_task_object" time="0.001" /><testcase classname="tests.test_llm_mining.TestNaturalLanguageTaskParsing" name="test_non_object_task_response_has_actionable_error" time="0.001" /><testcase classname="tests.test_llm_mining.TestHtmlToTextSnippet" name="test_strip_tags" time="0.001" /><testcase classname="tests.test_llm_mining.TestHtmlToTextSnippet" name="test_remove_scripts" time="0.001" /><testcase classname="tests.test_llm_mining.TestHtmlToTextSnippet" name="test_remove_styles" time="0.001" /><testcase classname="tests.test_llm_mining.TestHtmlToTextSnippet" name="test_truncation" time="0.001" /><testcase classname="tests.test_llm_mining.TestParseTaskYaml" name="test_valid_yaml" time="0.008" /><testcase classname="tests.test_llm_mining.TestParseTaskYaml" name="test_string_entities" time="0.008" /><testcase classname="tests.test_llm_mining.TestEnrichCrossSource" name="test_multi_platform" time="0.013" /><testcase classname="tests.test_llm_mining.TestEnrichCrossSource" name="test_single_platform" time="0.011" /><testcase classname="tests.test_llm_mining.TestEnrichCrossSource" name="test_empty_dataframe" time="0.001" /><testcase classname="tests.test_llm_mining.TestMiningPipeline" name="test_full_pipeline_with_mocks" time="0.016" /><testcase classname="tests.test_llm_mining.TestMiningPipeline" name="test_all_403_404_attempts_produce_a_manual_source_report" time="0.002" /><testcase classname="tests.test_llm_mining.TestMiningPipeline" name="test_empty_run_writes_source_unavailable_report" time="0.018" /><testcase classname="tests.test_llm_mining.TestSafeCrawling" name="test_unsafe_urls_are_blocked_before_http" time="0.003" /><testcase classname="tests.test_llm_mining.TestSafeCrawling" name="test_unknown_task_platform_requires_explicit_allowlist_entry" time="0.001" /><testcase classname="tests.test_llm_mining.TestSafeCrawling" name="test_redirect_target_is_validated_before_second_request" time="0.002" /><testcase classname="tests.test_llm_mining.TestSafeCrawling" name="test_relative_safe_redirect_is_followed_manually" time="0.002" /><testcase classname="tests.test_llm_mining.TestSafeCrawling" name="test_follow_ups_must_be_html_candidates_and_relative_links_are_resolved" time="0.002" /><testcase classname="tests.test_llm_mining.TestFieldBoundEvidenceAndIdentity" name="test_fabricated_rating_is_rejected_even_when_citation_exists" time="0.002" /><testcase classname="tests.test_llm_mining.TestFieldBoundEvidenceAndIdentity" name="test_full_evidence_is_bound_and_ids_use_complete_evidence" time="0.016" /><testcase classname="tests.test_llm_mining.TestFieldBoundEvidenceAndIdentity" name="test_exact_duplicate_evidence_is_deduplicated" time="0.016" /></testsuite></testsuites>